#
# A fatal error has been detected by the Java Runtime Environment:
#
#  EXCEPTION_ACCESS_VIOLATION (0xc0000005) at pc=0x00007ffb03c930cc, pid=22856, tid=9732
#
# JRE version: Java(TM) SE Runtime Environment 18.9 (11.0.12+8) (build 11.0.12+8-LTS-237)
# Java VM: Java HotSpot(TM) 64-Bit Server VM 18.9 (11.0.12+8-LTS-237, mixed mode, tiered, compressed oops, g1 gc, windows-amd64)
# Problematic frame:
# V  [jvm.dll+0x5d30cc]
#
# No core dump will be written. Minidumps are not enabled by default on client versions of Windows
#
# If you would like to submit a bug report, please visit:
#   https://bugreport.java.com/bugreport/crash.jsp
#

---------------  S U M M A R Y ------------

Command Line: -Xverify:none -XX:TieredStopAtLevel=1 -Xverify:none -XX:TieredStopAtLevel=1 cl.apolonia.ApoloniaApplication

Host: Intel(R) Core(TM) i7-8750H CPU @ 2.20GHz, 12 cores, 15G,  Windows 10 , 64 bit Build 19041 (10.0.19041.1348)
Time: Sat Nov 13 16:58:55 2021 Hora verano Sudamérica Pacífico elapsed time: 3449.349984 seconds (0d 0h 57m 29s)

---------------  T H R E A D  ---------------

Current thread (0x00000161caac3000):  GCTaskThread "GC Thread#3" [stack: 0x0000000dc7800000,0x0000000dc7900000] [id=9732]

Stack: [0x0000000dc7800000,0x0000000dc7900000],  sp=0x0000000dc78ffc00,  free space=1023k
Native frames: (J=compiled Java code, j=interpreted, Vv=VM code, C=native code)
V  [jvm.dll+0x5d30cc]
V  [jvm.dll+0x34ee55]
V  [jvm.dll+0x2da084]
V  [jvm.dll+0x77b840]
V  [jvm.dll+0x70f064]
V  [jvm.dll+0x616f66]
C  [ucrtbase.dll+0x21bb2]
C  [KERNEL32.DLL+0x17034]
C  [ntdll.dll+0x52651]


siginfo: EXCEPTION_ACCESS_VIOLATION (0xc0000005), reading address 0x0000001008100138


Register to memory mapping:

RIP=0x00007ffb03c930cc jvm.dll
RAX=0x00000161caac3b50 points into unknown readable memory: 0x0000000000000000 | 00 00 00 00 00 00 00 00
RBX=0x0000000000000002 is an unknown value
RCX=0x0000000000000008 is an unknown value
RDX=0x0 is NULL
RSP=0x0000000dc78ffc00 points into unknown readable memory: 0x00000161d06a6160 | 60 61 6a d0 61 01 00 00
RBP=0x00000161ca030a00 points into unknown readable memory: 0x00007ffb03ef0838 | 38 08 ef 03 fb 7f 00 00
RSI=0x0000001008100000 is an unknown value
RDI=0x0000000000000010 is an unknown value
R8 =0x0000000000000002 is an unknown value
R9 =0x0 is NULL
R10=0x00000161ae4a18ba is at entry_point+-6 in (nmethod*)0x00000161ae4a1710
R11=0x0 is NULL
R12=0x0 is NULL
R13=0x0 is NULL
R14=0x0 is NULL
R15=0x00000000000003d8 is an unknown value


Registers:
RAX=0x00000161caac3b50, RBX=0x0000000000000002, RCX=0x0000000000000008, RDX=0x0000000000000000
RSP=0x0000000dc78ffc00, RBP=0x00000161ca030a00, RSI=0x0000001008100000, RDI=0x0000000000000010
R8 =0x0000000000000002, R9 =0x0000000000000000, R10=0x00000161ae4a18ba, R11=0x0000000000000000
R12=0x0000000000000000, R13=0x0000000000000000, R14=0x0000000000000000, R15=0x00000000000003d8
RIP=0x00007ffb03c930cc, EFLAGS=0x0000000000010206

Top of Stack: (sp=0x0000000dc78ffc00)
0x0000000dc78ffc00:   00000161d06a6160 00000161d06a6160
0x0000000dc78ffc10:   00000000000003d8 00000161ca030dd8
0x0000000dc78ffc20:   00007ffb03f54348 00007ffb03a11607
0x0000000dc78ffc30:   00000000000003d8 0000000000000000
0x0000000dc78ffc40:   0000000000000000 0000000000000010
0x0000000dc78ffc50:   00000161ca030a00 00007ffb03a0ee55
0x0000000dc78ffc60:   0000000000000000 0000000000000002
0x0000000dc78ffc70:   0000000800238cd0 00000161ca030dd8
0x0000000dc78ffc80:   00000161ca0309f0 00007ffb0399a084
0x0000000dc78ffc90:   0000000dc6cfedd8 00000161cab3cc40
0x0000000dc78ffca0:   0000000dc6cfedd8 00000161ae4a1710
0x0000000dc78ffcb0:   00000000000075a3 0000000000000000
0x0000000dc78ffcc0:   00000161caac3000 00007ffb03e3b840
0x0000000dc78ffcd0:   0000000dc78ffe00 00000161caac3000
0x0000000dc78ffce0:   0000000000000000 00000000000075a3
0x0000000dc78ffcf0:   0000000dc6cfed00 0000000000000003 

Instructions: (pc=0x00007ffb03c930cc)
0x00007ffb03c930ac:   00 48 89 5c 24 68 48 89 74 24 70 48 8b f1 b9 08
0x00007ffb03c930bc:   00 00 00 4a 8b 04 c0 4c 89 74 24 78 44 0f b6 f2
0x00007ffb03c930cc:   83 be 38 01 00 00 00 4c 8b 04 08 49 8b a8 78 02
0x00007ffb03c930dc:   00 00 48 8b 7d 28 4c 8b 7d 10 4c 8b 65 18 4c 8b 


Stack slot to memory mapping:
stack at sp + 0 slots: 0x00000161d06a6160 is pointing into metadata
stack at sp + 1 slots: 0x00000161d06a6160 is pointing into metadata
stack at sp + 2 slots: 0x00000000000003d8 is an unknown value
stack at sp + 3 slots: 0x00000161ca030dd8 points into unknown readable memory: 0x88000100a99de599 | 99 e5 9d a9 00 01 00 88
stack at sp + 4 slots: 0x00007ffb03f54348 jvm.dll
stack at sp + 5 slots: 0x00007ffb03a11607 jvm.dll
stack at sp + 6 slots: 0x00000000000003d8 is an unknown value
stack at sp + 7 slots: 0x0 is NULL


---------------  P R O C E S S  ---------------

Threads class SMR info:
_java_thread_list=0x00000161cb6accc0, length=14, elements={
0x00000161c9709800, 0x00000161c9714000, 0x00000161c9719000, 0x00000161c971b000,
0x00000161c971d000, 0x00000161c971e000, 0x00000161ca026000, 0x00000161ca161800,
0x00000161cc11c800, 0x00000161cc137800, 0x00000161ce556000, 0x00000161ce554800,
0x00000161ceb42800, 0x00000161ceb46800
}

Java Threads: ( => current thread )
  0x00000161c9709800 JavaThread "Reference Handler" daemon [_thread_blocked, id=24608, stack(0x0000000dc6d00000,0x0000000dc6e00000)]
  0x00000161c9714000 JavaThread "Finalizer" daemon [_thread_blocked, id=12976, stack(0x0000000dc6e00000,0x0000000dc6f00000)]
  0x00000161c9719000 JavaThread "Signal Dispatcher" daemon [_thread_blocked, id=8280, stack(0x0000000dc6f00000,0x0000000dc7000000)]
  0x00000161c971b000 JavaThread "Attach Listener" daemon [_thread_blocked, id=24976, stack(0x0000000dc7000000,0x0000000dc7100000)]
  0x00000161c971d000 JavaThread "Service Thread" daemon [_thread_blocked, id=22800, stack(0x0000000dc7100000,0x0000000dc7200000)]
  0x00000161c971e000 JavaThread "C1 CompilerThread0" daemon [_thread_blocked, id=14216, stack(0x0000000dc7200000,0x0000000dc7300000)]
  0x00000161ca026000 JavaThread "Sweeper thread" daemon [_thread_blocked, id=18764, stack(0x0000000dc7300000,0x0000000dc7400000)]
  0x00000161ca161800 JavaThread "Common-Cleaner" daemon [_thread_blocked, id=5596, stack(0x0000000dc7500000,0x0000000dc7600000)]
  0x00000161cc11c800 JavaThread "oracle.jdbc.driver.BlockSource.ThreadedCachingBlockSource.BlockReleaser" daemon [_thread_blocked, id=15512, stack(0x0000000dc8600000,0x0000000dc8700000)]
  0x00000161cc137800 JavaThread "InterruptTimer" daemon [_thread_blocked, id=23820, stack(0x0000000dc8700000,0x0000000dc8800000)]
  0x00000161ce556000 JavaThread "Live Reload Server" daemon [_thread_in_native, id=15036, stack(0x0000000dc8b00000,0x0000000dc8c00000)]
  0x00000161ce554800 JavaThread "DestroyJavaVM" [_thread_blocked, id=22616, stack(0x0000000dc6600000,0x0000000dc6700000)]
  0x00000161ceb42800 JavaThread "Thread-100" [_thread_blocked, id=11164, stack(0x0000000dc6300000,0x0000000dc6400000)]
  0x00000161ceb46800 JavaThread "HikariPool-16 connection closer" daemon [_thread_in_native, id=12304, stack(0x0000000dc7c00000,0x0000000dc7d00000)]

Other Threads:
  0x00000161c9704000 VMThread "VM Thread" [stack: 0x0000000dc6c00000,0x0000000dc6d00000] [id=24204]
  0x00000161ca15f000 WatcherThread [stack: 0x0000000dc7400000,0x0000000dc7500000] [id=20432]
  0x00000161a58c1000 GCTaskThread "GC Thread#0" [stack: 0x0000000dc6700000,0x0000000dc6800000] [id=21128]
  0x00000161caaa5800 GCTaskThread "GC Thread#1" [stack: 0x0000000dc7600000,0x0000000dc7700000] [id=24516]
  0x00000161caae0000 GCTaskThread "GC Thread#2" [stack: 0x0000000dc7700000,0x0000000dc7800000] [id=22288]
=>0x00000161caac3000 GCTaskThread "GC Thread#3" [stack: 0x0000000dc7800000,0x0000000dc7900000] [id=9732]
  0x00000161cab3e800 GCTaskThread "GC Thread#4" [stack: 0x0000000dc7900000,0x0000000dc7a00000] [id=21284]
  0x00000161cab3f000 GCTaskThread "GC Thread#5" [stack: 0x0000000dc7a00000,0x0000000dc7b00000] [id=23916]
  0x00000161cb6b4000 GCTaskThread "GC Thread#6" [stack: 0x0000000dc8200000,0x0000000dc8300000] [id=16792]
  0x00000161cb6b5000 GCTaskThread "GC Thread#7" [stack: 0x0000000dc8300000,0x0000000dc8400000] [id=6432]
  0x00000161cb6b5800 GCTaskThread "GC Thread#8" [stack: 0x0000000dc8400000,0x0000000dc8500000] [id=3324]
  0x00000161cb6bb800 GCTaskThread "GC Thread#9" [stack: 0x0000000dc8500000,0x0000000dc8600000] [id=5060]
  0x00000161a591e800 ConcurrentGCThread "G1 Main Marker" [stack: 0x0000000dc6800000,0x0000000dc6900000] [id=24500]
  0x00000161a5921000 ConcurrentGCThread "G1 Conc#0" [stack: 0x0000000dc6900000,0x0000000dc6a00000] [id=1584]
  0x00000161cb596000 ConcurrentGCThread "G1 Conc#1" [stack: 0x0000000dc7d00000,0x0000000dc7e00000] [id=15968]
  0x00000161cb6b9000 ConcurrentGCThread "G1 Conc#2" [stack: 0x0000000dc7e00000,0x0000000dc7f00000] [id=11692]
  0x00000161c95ea000 ConcurrentGCThread "G1 Refine#0" [stack: 0x0000000dc6a00000,0x0000000dc6b00000] [id=17824]
  0x00000161ceacd800 ConcurrentGCThread "G1 Refine#1" [stack: 0x0000000dc6500000,0x0000000dc6600000] [id=23904]
  0x00000161ceb6b000 ConcurrentGCThread "G1 Refine#2" [stack: 0x0000000dc7b00000,0x0000000dc7c00000] [id=13652]
  0x00000161c95eb000 ConcurrentGCThread "G1 Young RemSet Sampling" [stack: 0x0000000dc6b00000,0x0000000dc6c00000] [id=6476]

Threads with active compile tasks:

VM state:at safepoint (normal execution)

VM Mutex/Monitor currently owned by a thread:  ([mutex/lock_event])
[0x00000161a58a7b90] Threads_lock - owner thread: 0x00000161c9704000
[0x00000161a58a9210] Heap_lock - owner thread: 0x00000161ceb42800

Heap address: 0x0000000702600000, size: 4058 MB, Compressed Oops mode: Zero based, Oop shift amount: 3
Narrow klass base: 0x0000000800000000, Narrow klass shift: 0
Compressed class space size: 1073741824 Address: 0x0000000800000000

Heap:
 garbage-first heap   total 96256K, used 61439K [0x0000000702600000, 0x0000000800000000)
  region size 1024K, 22 young (22528K), 1 survivors (1024K)
 Metaspace       used 81482K, capacity 85411K, committed 85636K, reserved 1124352K
  class space    used 10235K, capacity 11750K, committed 11828K, reserved 1048576K
Heap Regions: E=young(eden), S=young(survivor), O=old, HS=humongous(starts), HC=humongous(continues), CS=collection set, F=free, A=archive, TAMS=top-at-mark-start (previous, next)
|   0|0x0000000702600000, 0x0000000702700000, 0x0000000702700000|100%|HS|  |TAMS 0x0000000702700000, 0x0000000702600000| Complete 
|   1|0x0000000702700000, 0x00000007027fffd0, 0x0000000702800000| 99%| O|  |TAMS 0x00000007027fffd0, 0x0000000702700000| Untracked 
|   2|0x0000000702800000, 0x00000007028ffff0, 0x0000000702900000| 99%| O|  |TAMS 0x00000007028ffff0, 0x0000000702800000| Untracked 
|   3|0x0000000702900000, 0x0000000702a00000, 0x0000000702a00000|100%| O|  |TAMS 0x0000000702a00000, 0x0000000702900000| Untracked 
|   4|0x0000000702a00000, 0x0000000702afffe8, 0x0000000702b00000| 99%| O|  |TAMS 0x0000000702afffe8, 0x0000000702a00000| Untracked 
|   5|0x0000000702b00000, 0x0000000702c00000, 0x0000000702c00000|100%| O|  |TAMS 0x0000000702c00000, 0x0000000702b00000| Untracked 
|   6|0x0000000702c00000, 0x0000000702cfffd0, 0x0000000702d00000| 99%| O|  |TAMS 0x0000000702cfffd0, 0x0000000702c00000| Untracked 
|   7|0x0000000702d00000, 0x0000000702dffff8, 0x0000000702e00000| 99%| O|  |TAMS 0x0000000702dffff8, 0x0000000702d00000| Untracked 
|   8|0x0000000702e00000, 0x0000000702effff0, 0x0000000702f00000| 99%| O|  |TAMS 0x0000000702effff0, 0x0000000702e00000| Untracked 
|   9|0x0000000702f00000, 0x0000000702fffff8, 0x0000000703000000| 99%| O|  |TAMS 0x0000000702fffff8, 0x0000000702f00000| Untracked 
|  10|0x0000000703000000, 0x00000007030fffc0, 0x0000000703100000| 99%| O|  |TAMS 0x00000007030fffc0, 0x0000000703000000| Untracked 
|  11|0x0000000703100000, 0x00000007031ffff8, 0x0000000703200000| 99%| O|  |TAMS 0x00000007031ffff8, 0x0000000703100000| Untracked 
|  12|0x0000000703200000, 0x00000007032fff90, 0x0000000703300000| 99%| O|  |TAMS 0x00000007032fff90, 0x0000000703200000| Untracked 
|  13|0x0000000703300000, 0x00000007033fffd8, 0x0000000703400000| 99%| O|  |TAMS 0x00000007033fffd8, 0x0000000703300000| Untracked 
|  14|0x0000000703400000, 0x00000007034fffe8, 0x0000000703500000| 99%| O|  |TAMS 0x00000007034fffe8, 0x0000000703400000| Untracked 
|  15|0x0000000703500000, 0x00000007035ffff8, 0x0000000703600000| 99%| O|  |TAMS 0x00000007035ffff8, 0x0000000703500000| Untracked 
|  16|0x0000000703600000, 0x00000007036ffff8, 0x0000000703700000| 99%| O|  |TAMS 0x00000007036ffff8, 0x0000000703600000| Untracked 
|  17|0x0000000703700000, 0x00000007037fffe8, 0x0000000703800000| 99%| O|  |TAMS 0x00000007037fffe8, 0x0000000703700000| Untracked 
|  18|0x0000000703800000, 0x00000007038ffff0, 0x0000000703900000| 99%| O|  |TAMS 0x00000007038ffff0, 0x0000000703800000| Untracked 
|  19|0x0000000703900000, 0x00000007039ffff8, 0x0000000703a00000| 99%| O|  |TAMS 0x00000007039ffff8, 0x0000000703900000| Untracked 
|  20|0x0000000703a00000, 0x0000000703affff8, 0x0000000703b00000| 99%| O|  |TAMS 0x0000000703affff8, 0x0000000703a00000| Untracked 
|  21|0x0000000703b00000, 0x0000000703bfffd8, 0x0000000703c00000| 99%| O|  |TAMS 0x0000000703bfffd8, 0x0000000703b00000| Untracked 
|  22|0x0000000703c00000, 0x0000000703cfffd8, 0x0000000703d00000| 99%| O|  |TAMS 0x0000000703cfffd8, 0x0000000703c00000| Untracked 
|  23|0x0000000703d00000, 0x0000000703dffff0, 0x0000000703e00000| 99%| O|  |TAMS 0x0000000703dffff0, 0x0000000703d00000| Untracked 
|  24|0x0000000703e00000, 0x0000000703efffd8, 0x0000000703f00000| 99%| O|  |TAMS 0x0000000703efffd8, 0x0000000703e00000| Untracked 
|  25|0x0000000703f00000, 0x0000000703fffff8, 0x0000000704000000| 99%| O|  |TAMS 0x0000000703fffff8, 0x0000000703f00000| Untracked 
|  26|0x0000000704000000, 0x00000007040ffff0, 0x0000000704100000| 99%| O|  |TAMS 0x00000007040ffff0, 0x0000000704000000| Untracked 
|  27|0x0000000704100000, 0x00000007041ffff8, 0x0000000704200000| 99%| O|  |TAMS 0x00000007041ffff8, 0x0000000704100000| Untracked 
|  28|0x0000000704200000, 0x00000007042ffd40, 0x0000000704300000| 99%| O|  |TAMS 0x00000007042ffd40, 0x0000000704200000| Untracked 
|  29|0x0000000704300000, 0x00000007043ffe30, 0x0000000704400000| 99%| O|  |TAMS 0x00000007043ffe30, 0x0000000704300000| Untracked 
|  30|0x0000000704400000, 0x0000000704400000, 0x0000000704500000|  0%| F|  |TAMS 0x0000000704400000, 0x0000000704400000| Untracked 
|  31|0x0000000704500000, 0x0000000704600000, 0x0000000704600000|100%| O|  |TAMS 0x0000000704600000, 0x0000000704500000| Untracked 
|  32|0x0000000704600000, 0x0000000704700000, 0x0000000704700000|100%| O|  |TAMS 0x0000000704700000, 0x0000000704600000| Untracked 
|  33|0x0000000704700000, 0x0000000704800000, 0x0000000704800000|100%| O|  |TAMS 0x0000000704800000, 0x0000000704700000| Untracked 
|  34|0x0000000704800000, 0x0000000704900000, 0x0000000704900000|100%| O|  |TAMS 0x0000000704900000, 0x0000000704800000| Untracked 
|  35|0x0000000704900000, 0x0000000704a00000, 0x0000000704a00000|100%| O|  |TAMS 0x0000000704a00000, 0x0000000704900000| Untracked 
|  36|0x0000000704a00000, 0x0000000704a00000, 0x0000000704b00000|  0%| F|  |TAMS 0x0000000704a00000, 0x0000000704a00000| Untracked 
|  37|0x0000000704b00000, 0x0000000704b00000, 0x0000000704c00000|  0%| F|  |TAMS 0x0000000704b00000, 0x0000000704b00000| Untracked 
|  38|0x0000000704c00000, 0x0000000704c5b200, 0x0000000704d00000| 35%| O|  |TAMS 0x0000000704c00000, 0x0000000704c00000| Untracked 
|  39|0x0000000704d00000, 0x0000000704e00000, 0x0000000704e00000|100%| O|  |TAMS 0x0000000704e00000, 0x0000000704d00000| Untracked 
|  40|0x0000000704e00000, 0x0000000704e00000, 0x0000000704f00000|  0%| F|  |TAMS 0x0000000704e00000, 0x0000000704e00000| Untracked 
|  41|0x0000000704f00000, 0x0000000705000000, 0x0000000705000000|100%| O|  |TAMS 0x0000000705000000, 0x0000000704f00000| Untracked 
|  42|0x0000000705000000, 0x0000000705000000, 0x0000000705100000|  0%| F|  |TAMS 0x0000000705000000, 0x0000000705000000| Untracked 
|  43|0x0000000705100000, 0x0000000705100000, 0x0000000705200000|  0%| F|  |TAMS 0x0000000705100000, 0x0000000705100000| Untracked 
|  44|0x0000000705200000, 0x0000000705200000, 0x0000000705300000|  0%| F|  |TAMS 0x0000000705200000, 0x0000000705200000| Untracked 
|  45|0x0000000705300000, 0x0000000705300000, 0x0000000705400000|  0%| F|  |TAMS 0x0000000705300000, 0x0000000705300000| Untracked 
|  46|0x0000000705400000, 0x0000000705400000, 0x0000000705500000|  0%| F|  |TAMS 0x0000000705400000, 0x0000000705400000| Untracked 
|  47|0x0000000705500000, 0x0000000705500000, 0x0000000705600000|  0%| F|  |TAMS 0x0000000705500000, 0x0000000705500000| Untracked 
|  48|0x0000000705600000, 0x0000000705600000, 0x0000000705700000|  0%| F|  |TAMS 0x0000000705600000, 0x0000000705600000| Untracked 
|  49|0x0000000705700000, 0x0000000705700000, 0x0000000705800000|  0%| F|  |TAMS 0x0000000705700000, 0x0000000705700000| Untracked 
|  50|0x0000000705800000, 0x0000000705800000, 0x0000000705900000|  0%| F|  |TAMS 0x0000000705800000, 0x0000000705800000| Untracked 
|  51|0x0000000705900000, 0x0000000705900000, 0x0000000705a00000|  0%| F|  |TAMS 0x0000000705900000, 0x0000000705900000| Untracked 
|  52|0x0000000705a00000, 0x0000000705a00000, 0x0000000705b00000|  0%| F|  |TAMS 0x0000000705a00000, 0x0000000705a00000| Untracked 
|  53|0x0000000705b00000, 0x0000000705b00000, 0x0000000705c00000|  0%| F|  |TAMS 0x0000000705b00000, 0x0000000705b00000| Untracked 
|  54|0x0000000705c00000, 0x0000000705c00000, 0x0000000705d00000|  0%| F|  |TAMS 0x0000000705c00000, 0x0000000705c00000| Untracked 
|  55|0x0000000705d00000, 0x0000000705d00000, 0x0000000705e00000|  0%| F|  |TAMS 0x0000000705d00000, 0x0000000705d00000| Untracked 
|  56|0x0000000705e00000, 0x0000000705f00000, 0x0000000705f00000|100%| O|  |TAMS 0x0000000705f00000, 0x0000000705e00000| Untracked 
|  57|0x0000000705f00000, 0x0000000705f00000, 0x0000000706000000|  0%| F|  |TAMS 0x0000000705f00000, 0x0000000705f00000| Untracked 
|  58|0x0000000706000000, 0x0000000706100000, 0x0000000706100000|100%| O|  |TAMS 0x00000007060a4400, 0x0000000706000000| Untracked 
|  59|0x0000000706100000, 0x0000000706100000, 0x0000000706200000|  0%| F|  |TAMS 0x0000000706100000, 0x0000000706100000| Untracked 
|  60|0x0000000706200000, 0x0000000706200000, 0x0000000706300000|  0%| F|  |TAMS 0x0000000706200000, 0x0000000706200000| Untracked 
|  61|0x0000000706300000, 0x0000000706300000, 0x0000000706400000|  0%| F|  |TAMS 0x0000000706300000, 0x0000000706300000| Untracked 
|  62|0x0000000706400000, 0x0000000706400000, 0x0000000706500000|  0%| F|  |TAMS 0x0000000706400000, 0x0000000706400000| Untracked 
|  63|0x0000000706500000, 0x0000000706500000, 0x0000000706600000|  0%| F|  |TAMS 0x0000000706500000, 0x0000000706500000| Untracked 
|  64|0x0000000706600000, 0x0000000706600000, 0x0000000706700000|  0%| F|  |TAMS 0x0000000706600000, 0x0000000706600000| Untracked 
|  65|0x0000000706700000, 0x0000000706700000, 0x0000000706800000|  0%| F|  |TAMS 0x0000000706700000, 0x0000000706700000| Untracked 
|  66|0x0000000706800000, 0x0000000706800000, 0x0000000706900000|  0%| F|  |TAMS 0x0000000706800000, 0x0000000706800000| Untracked 
|  67|0x0000000706900000, 0x0000000706900000, 0x0000000706a00000|  0%| F|  |TAMS 0x0000000706900000, 0x0000000706900000| Untracked 
|  68|0x0000000706a00000, 0x0000000706a00000, 0x0000000706b00000|  0%| F|  |TAMS 0x0000000706a00000, 0x0000000706a00000| Untracked 
|  69|0x0000000706b00000, 0x0000000706b00000, 0x0000000706c00000|  0%| F|  |TAMS 0x0000000706b00000, 0x0000000706b00000| Untracked 
|  70|0x0000000706c00000, 0x0000000706c00000, 0x0000000706d00000|  0%| F|  |TAMS 0x0000000706c00000, 0x0000000706c00000| Untracked 
|  71|0x0000000706d00000, 0x0000000706d00000, 0x0000000706e00000|  0%| F|  |TAMS 0x0000000706d00000, 0x0000000706d00000| Untracked 
|  72|0x0000000706e00000, 0x0000000706e40848, 0x0000000706f00000| 25%| E|  |TAMS 0x0000000706e00000, 0x0000000706e00000| Complete 
|  73|0x0000000706f00000, 0x0000000707000000, 0x0000000707000000|100%| E|  |TAMS 0x0000000706f00000, 0x0000000706f00000| Complete 
|  74|0x0000000707000000, 0x0000000707100000, 0x0000000707100000|100%| E|  |TAMS 0x0000000707000000, 0x0000000707000000| Complete 
|  75|0x0000000707100000, 0x0000000707200000, 0x0000000707200000|100%| E|  |TAMS 0x0000000707100000, 0x0000000707100000| Complete 
|  76|0x0000000707200000, 0x0000000707300000, 0x0000000707300000|100%| E|  |TAMS 0x0000000707200000, 0x0000000707200000| Complete 
|  77|0x0000000707300000, 0x0000000707400000, 0x0000000707400000|100%| E|  |TAMS 0x0000000707300000, 0x0000000707300000| Complete 
|  78|0x0000000707400000, 0x0000000707500000, 0x0000000707500000|100%| E|  |TAMS 0x0000000707400000, 0x0000000707400000| Complete 
|  79|0x0000000707500000, 0x0000000707600000, 0x0000000707600000|100%| E|  |TAMS 0x0000000707500000, 0x0000000707500000| Complete 
|  80|0x0000000707600000, 0x0000000707700000, 0x0000000707700000|100%| E|  |TAMS 0x0000000707600000, 0x0000000707600000| Complete 
|  81|0x0000000707700000, 0x0000000707800000, 0x0000000707800000|100%| E|  |TAMS 0x0000000707700000, 0x0000000707700000| Complete 
|  82|0x0000000707800000, 0x0000000707900000, 0x0000000707900000|100%| E|  |TAMS 0x0000000707800000, 0x0000000707800000| Complete 
|  83|0x0000000707900000, 0x0000000707a00000, 0x0000000707a00000|100%| E|  |TAMS 0x0000000707900000, 0x0000000707900000| Complete 
|  84|0x0000000707a00000, 0x0000000707b00000, 0x0000000707b00000|100%| E|  |TAMS 0x0000000707a00000, 0x0000000707a00000| Complete 
|  85|0x0000000707b00000, 0x0000000707c00000, 0x0000000707c00000|100%| E|  |TAMS 0x0000000707b00000, 0x0000000707b00000| Complete 
|  86|0x0000000707c00000, 0x0000000707d00000, 0x0000000707d00000|100%| E|  |TAMS 0x0000000707c00000, 0x0000000707c00000| Complete 
|  87|0x0000000707d00000, 0x0000000707e00000, 0x0000000707e00000|100%| E|  |TAMS 0x0000000707d00000, 0x0000000707d00000| Complete 
|  88|0x0000000707e00000, 0x0000000707f00000, 0x0000000707f00000|100%| E|  |TAMS 0x0000000707e00000, 0x0000000707e00000| Complete 
|  89|0x0000000707f00000, 0x0000000707f64bc8, 0x0000000708000000| 39%| S|  |TAMS 0x0000000707f00000, 0x0000000707f00000| Complete 
|  90|0x0000000708000000, 0x0000000708100000, 0x0000000708100000|100%| E|  |TAMS 0x0000000708000000, 0x0000000708000000| Complete 
|  91|0x0000000708100000, 0x0000000708200000, 0x0000000708200000|100%| E|  |TAMS 0x0000000708100000, 0x0000000708100000| Complete 
|  92|0x0000000708200000, 0x0000000708300000, 0x0000000708300000|100%| E|  |TAMS 0x0000000708200000, 0x0000000708200000| Complete 
| 117|0x0000000709b00000, 0x0000000709c00000, 0x0000000709c00000|100%| E|  |TAMS 0x0000000709b00000, 0x0000000709b00000| Complete 

Card table byte_map: [0x00000161bdaa0000,0x00000161be290000] _byte_map_base: 0x00000161ba28d000

Marking Bits (Prev, Next): (CMBitMap*) 0x00000161a590de50, (CMBitMap*) 0x00000161a590de18
 Prev Bits: [0x00000161c29f0000, 0x00000161c6958000)
 Next Bits: [0x00000161bea80000, 0x00000161c29e8000)

Polling page: 0x00000161a5080000

Metaspace:

Usage:
  Non-class:     71.93 MB capacity,    69.58 MB ( 97%) used,     2.03 MB (  3%) free+waste,   334.63 KB ( <1%) overhead. 
      Class:     11.47 MB capacity,    10.00 MB ( 87%) used,     1.32 MB ( 12%) free+waste,   163.06 KB (  1%) overhead. 
       Both:     83.41 MB capacity,    79.57 MB ( 95%) used,     3.35 MB (  4%) free+waste,   497.69 KB ( <1%) overhead. 

Virtual space:
  Non-class space:       74.00 MB reserved,      72.08 MB ( 97%) committed 
      Class space:        1.00 GB reserved,      11.55 MB (  1%) committed 
             Both:        1.07 GB reserved,      83.63 MB (  8%) committed 

Chunk freelists:
   Non-Class:  384 bytes
       Class:  0 bytes
        Both:  384 bytes

CodeHeap 'non-profiled nmethods': size=238336Kb used=25444Kb max_used=25444Kb free=212891Kb
 bounds [0x00000161ae4a0000, 0x00000161afd80000, 0x00000161bcd60000]
CodeHeap 'non-nmethods': size=7424Kb used=1307Kb max_used=1307Kb free=6116Kb
 bounds [0x00000161add60000, 0x00000161adfd0000, 0x00000161ae4a0000]
 total_blobs=15357 nmethods=14666 adapters=616
 compilation: enabled
              stopped_count=0, restarted_count=0
 full_count=0

Compilation events (10 events):
Event: 3439.235 Thread 0x00000161c971e000 14666       1       org.apache.catalina.core.StandardContext::isUseNaming (5 bytes)
Event: 3439.235 Thread 0x00000161c971e000 nmethod 14666 0x00000161afd76910 code [0x00000161afd76aa0, 0x00000161afd76b58]
Event: 3439.235 Thread 0x00000161c971e000 14667       1       java.util.concurrent.ScheduledThreadPoolExecutor$ScheduledFutureTask::cancel (38 bytes)
Event: 3439.235 Thread 0x00000161c971e000 nmethod 14667 0x00000161afd76c10 code [0x00000161afd76dc0, 0x00000161afd76f48]
Event: 3439.236 Thread 0x00000161c971e000 14668   !   1       java.util.concurrent.FutureTask::cancel (88 bytes)
Event: 3439.237 Thread 0x00000161c971e000 nmethod 14668 0x00000161afd77090 code [0x00000161afd772e0, 0x00000161afd77908]
Event: 3439.237 Thread 0x00000161c971e000 14669   !   1       java.util.concurrent.ScheduledThreadPoolExecutor$DelayedWorkQueue::remove (119 bytes)
Event: 3439.237 Thread 0x00000161c971e000 nmethod 14669 0x00000161afd77d90 code [0x00000161afd77fc0, 0x00000161afd784d8]
Event: 3439.237 Thread 0x00000161c971e000 14670       1       java.util.concurrent.ScheduledThreadPoolExecutor$DelayedWorkQueue::indexOf (79 bytes)
Event: 3439.238 Thread 0x00000161c971e000 nmethod 14670 0x00000161afd78a90 code [0x00000161afd78c40, 0x00000161afd78ec8]

GC Heap History (10 events):
Event: 2501.811 GC heap after
{Heap after GC invocations=207 (full 15):
 garbage-first heap   total 96256K, used 52934K [0x0000000702600000, 0x0000000800000000)
  region size 1024K, 1 young (1024K), 1 survivors (1024K)
 Metaspace       used 81468K, capacity 85390K, committed 85636K, reserved 1124352K
  class space    used 10233K, capacity 11746K, committed 11828K, reserved 1048576K
}
Event: 2723.217 GC heap before
{Heap before GC invocations=207 (full 15):
 garbage-first heap   total 96256K, used 70342K [0x0000000702600000, 0x0000000800000000)
  region size 1024K, 18 young (18432K), 1 survivors (1024K)
 Metaspace       used 81468K, capacity 85390K, committed 85636K, reserved 1124352K
  class space    used 10233K, capacity 11746K, committed 11828K, reserved 1048576K
}
Event: 2723.227 GC heap after
{Heap after GC invocations=208 (full 15):
 garbage-first heap   total 96256K, used 53113K [0x0000000702600000, 0x0000000800000000)
  region size 1024K, 1 young (1024K), 1 survivors (1024K)
 Metaspace       used 81468K, capacity 85390K, committed 85636K, reserved 1124352K
  class space    used 10233K, capacity 11746K, committed 11828K, reserved 1048576K
}
Event: 3023.303 GC heap before
{Heap before GC invocations=209 (full 15):
 garbage-first heap   total 96256K, used 69497K [0x0000000702600000, 0x0000000800000000)
  region size 1024K, 19 young (19456K), 1 survivors (1024K)
 Metaspace       used 81465K, capacity 85384K, committed 85636K, reserved 1124352K
  class space    used 10232K, capacity 11744K, committed 11828K, reserved 1048576K
}
Event: 3023.307 GC heap after
{Heap after GC invocations=210 (full 15):
 garbage-first heap   total 96256K, used 51032K [0x0000000702600000, 0x0000000800000000)
  region size 1024K, 1 young (1024K), 1 survivors (1024K)
 Metaspace       used 81465K, capacity 85384K, committed 85636K, reserved 1124352K
  class space    used 10232K, capacity 11744K, committed 11828K, reserved 1048576K
}
Event: 3073.038 GC heap before
{Heap before GC invocations=210 (full 15):
 garbage-first heap   total 96256K, used 54104K [0x0000000702600000, 0x0000000800000000)
  region size 1024K, 4 young (4096K), 1 survivors (1024K)
 Metaspace       used 81465K, capacity 85384K, committed 85636K, reserved 1124352K
  class space    used 10232K, capacity 11744K, committed 11828K, reserved 1048576K
}
Event: 3073.043 GC heap after
{Heap after GC invocations=211 (full 15):
 garbage-first heap   total 96256K, used 42849K [0x0000000702600000, 0x0000000800000000)
  region size 1024K, 1 young (1024K), 1 survivors (1024K)
 Metaspace       used 81465K, capacity 85384K, committed 85636K, reserved 1124352K
  class space    used 10232K, capacity 11744K, committed 11828K, reserved 1048576K
}
Event: 3122.658 GC heap before
{Heap before GC invocations=211 (full 15):
 garbage-first heap   total 96256K, used 45921K [0x0000000702600000, 0x0000000800000000)
  region size 1024K, 4 young (4096K), 1 survivors (1024K)
 Metaspace       used 81465K, capacity 85384K, committed 85636K, reserved 1124352K
  class space    used 10232K, capacity 11744K, committed 11828K, reserved 1048576K
}
Event: 3122.667 GC heap after
{Heap after GC invocations=212 (full 15):
 garbage-first heap   total 96256K, used 40701K [0x0000000702600000, 0x0000000800000000)
  region size 1024K, 1 young (1024K), 1 survivors (1024K)
 Metaspace       used 81465K, capacity 85384K, committed 85636K, reserved 1124352K
  class space    used 10232K, capacity 11744K, committed 11828K, reserved 1048576K
}
Event: 3449.256 GC heap before
{Heap before GC invocations=212 (full 15):
 garbage-first heap   total 96256K, used 61181K [0x0000000702600000, 0x0000000800000000)
  region size 1024K, 22 young (22528K), 1 survivors (1024K)
 Metaspace       used 81482K, capacity 85411K, committed 85636K, reserved 1124352K
  class space    used 10235K, capacity 11750K, committed 11828K, reserved 1048576K
}

Deoptimization events (0 events):
No events

Classes redefined (0 events):
No events

Internal exceptions (10 events):
Event: 3440.027 Thread 0x00000161ceb46800 Exception <a 'java/io/IOException'{0x0000000706e19108}> (0x0000000706e19108) thrown at [./open/src/hotspot/share/prims/jni.cpp, line 611]
Event: 3440.027 Thread 0x00000161ceb46800 Exception <a 'java/io/IOException'{0x0000000706e194b8}> (0x0000000706e194b8) thrown at [./open/src/hotspot/share/prims/jni.cpp, line 611]
Event: 3440.269 Thread 0x00000161ceb46800 Exception <a 'java/io/IOException'{0x0000000706e1a0b8}> (0x0000000706e1a0b8) thrown at [./open/src/hotspot/share/prims/jni.cpp, line 611]
Event: 3440.270 Thread 0x00000161ceb46800 Exception <a 'java/io/IOException'{0x0000000706e1a468}> (0x0000000706e1a468) thrown at [./open/src/hotspot/share/prims/jni.cpp, line 611]
Event: 3440.473 Thread 0x00000161ceb46800 Exception <a 'java/io/IOException'{0x0000000706e1b068}> (0x0000000706e1b068) thrown at [./open/src/hotspot/share/prims/jni.cpp, line 611]
Event: 3440.473 Thread 0x00000161ceb46800 Exception <a 'java/io/IOException'{0x0000000706e1b418}> (0x0000000706e1b418) thrown at [./open/src/hotspot/share/prims/jni.cpp, line 611]
Event: 3440.640 Thread 0x00000161ceb46800 Exception <a 'java/io/IOException'{0x0000000706e1c018}> (0x0000000706e1c018) thrown at [./open/src/hotspot/share/prims/jni.cpp, line 611]
Event: 3440.641 Thread 0x00000161ceb46800 Exception <a 'java/io/IOException'{0x0000000706e1c3c8}> (0x0000000706e1c3c8) thrown at [./open/src/hotspot/share/prims/jni.cpp, line 611]
Event: 3440.883 Thread 0x00000161ceb46800 Exception <a 'java/io/IOException'{0x0000000706e1cfc8}> (0x0000000706e1cfc8) thrown at [./open/src/hotspot/share/prims/jni.cpp, line 611]
Event: 3440.883 Thread 0x00000161ceb46800 Exception <a 'java/io/IOException'{0x0000000706e1d378}> (0x0000000706e1d378) thrown at [./open/src/hotspot/share/prims/jni.cpp, line 611]

Events (10 events):
Event: 3440.027 Executing VM operation: RevokeBias done
Event: 3440.270 Executing VM operation: RevokeBias
Event: 3440.270 Executing VM operation: RevokeBias done
Event: 3440.473 Executing VM operation: RevokeBias
Event: 3440.474 Executing VM operation: RevokeBias done
Event: 3440.641 Executing VM operation: RevokeBias
Event: 3440.641 Executing VM operation: RevokeBias done
Event: 3440.884 Executing VM operation: RevokeBias
Event: 3440.884 Executing VM operation: RevokeBias done
Event: 3449.255 Executing VM operation: G1CollectFull


Dynamic libraries:
0x00007ff72fc40000 - 0x00007ff72fc4f000 	C:\Program Files\Java\jdk-11.0.12\bin\java.exe
0x00007ffbc1970000 - 0x00007ffbc1b65000 	C:\WINDOWS\SYSTEM32\ntdll.dll
0x00007ffba8fb0000 - 0x00007ffba8fc6000 	C:\Program Files\Avast Software\Avast\aswhook.dll
0x00007ffbbff90000 - 0x00007ffbc004e000 	C:\WINDOWS\System32\KERNEL32.DLL
0x00007ffbbf480000 - 0x00007ffbbf748000 	C:\WINDOWS\System32\KERNELBASE.dll
0x00007ffbbf2b0000 - 0x00007ffbbf3b0000 	C:\WINDOWS\System32\ucrtbase.dll
0x00007ffbb0290000 - 0x00007ffbb02a8000 	C:\Program Files\Java\jdk-11.0.12\bin\jli.dll
0x00007ffbb0260000 - 0x00007ffbb0275000 	C:\Program Files\Java\jdk-11.0.12\bin\VCRUNTIME140.dll
0x00007ffbbfd00000 - 0x00007ffbbfdac000 	C:\WINDOWS\System32\ADVAPI32.dll
0x00007ffbc0180000 - 0x00007ffbc021e000 	C:\WINDOWS\System32\msvcrt.dll
0x00007ffbbfa40000 - 0x00007ffbbfadb000 	C:\WINDOWS\System32\sechost.dll
0x00007ffbc0050000 - 0x00007ffbc017a000 	C:\WINDOWS\System32\RPCRT4.dll
0x00007ffbc1280000 - 0x00007ffbc1421000 	C:\WINDOWS\System32\USER32.dll
0x00007ffbbf090000 - 0x00007ffbbf0b2000 	C:\WINDOWS\System32\win32u.dll
0x00007ffbaee90000 - 0x00007ffbaf12a000 	C:\WINDOWS\WinSxS\amd64_microsoft.windows.common-controls_6595b64144ccf1df_6.0.19041.1110_none_60b5254171f9507e\COMCTL32.dll
0x00007ffbc09d0000 - 0x00007ffbc09fb000 	C:\WINDOWS\System32\GDI32.dll
0x00007ffbbf8b0000 - 0x00007ffbbf9bb000 	C:\WINDOWS\System32\gdi32full.dll
0x00007ffbbf3b0000 - 0x00007ffbbf44d000 	C:\WINDOWS\System32\msvcp_win.dll
0x00007ffbb7d90000 - 0x00007ffbb7d9a000 	C:\WINDOWS\SYSTEM32\VERSION.dll
0x00007ffbc0220000 - 0x00007ffbc0250000 	C:\WINDOWS\System32\IMM32.DLL
0x00007ffb86870000 - 0x00007ffb8690b000 	C:\Program Files\Java\jdk-11.0.12\bin\msvcp140.dll
0x00007ffb036c0000 - 0x00007ffb041bf000 	C:\Program Files\Java\jdk-11.0.12\bin\server\jvm.dll
0x00007ffbc1920000 - 0x00007ffbc1928000 	C:\WINDOWS\System32\PSAPI.DLL
0x00007ffbaf250000 - 0x00007ffbaf277000 	C:\WINDOWS\SYSTEM32\WINMM.dll
0x00007ffbb3ce0000 - 0x00007ffbb3ce9000 	C:\WINDOWS\SYSTEM32\WSOCK32.dll
0x00007ffbc0410000 - 0x00007ffbc047b000 	C:\WINDOWS\System32\WS2_32.dll
0x00007ffbbd790000 - 0x00007ffbbd7a2000 	C:\WINDOWS\SYSTEM32\kernel.appcore.dll
0x00007ffbb6e40000 - 0x00007ffbb6e50000 	C:\Program Files\Java\jdk-11.0.12\bin\verify.dll
0x00007ffbbc8a0000 - 0x00007ffbbca84000 	C:\WINDOWS\SYSTEM32\DBGHELP.DLL
0x00007ffbb7450000 - 0x00007ffbb747c000 	C:\WINDOWS\SYSTEM32\dbgcore.DLL
0x00007ffbbf220000 - 0x00007ffbbf2a3000 	C:\WINDOWS\System32\bcryptPrimitives.dll
0x00007ffbb00d0000 - 0x00007ffbb00f8000 	C:\Program Files\Java\jdk-11.0.12\bin\java.dll
0x00007ffbb61f0000 - 0x00007ffbb61fa000 	C:\Program Files\Java\jdk-11.0.12\bin\jimage.dll
0x00007ffbafd00000 - 0x00007ffbafd16000 	C:\Program Files\Java\jdk-11.0.12\bin\zip.dll
0x00007ffbc0ab0000 - 0x00007ffbc11ef000 	C:\WINDOWS\System32\SHELL32.dll
0x00007ffbbcd40000 - 0x00007ffbbd4d0000 	C:\WINDOWS\SYSTEM32\windows.storage.dll
0x00007ffbc0480000 - 0x00007ffbc07d5000 	C:\WINDOWS\System32\combase.dll
0x00007ffbbeae0000 - 0x00007ffbbeb0e000 	C:\WINDOWS\SYSTEM32\Wldp.dll
0x00007ffbc0a00000 - 0x00007ffbc0aad000 	C:\WINDOWS\System32\SHCORE.dll
0x00007ffbc1440000 - 0x00007ffbc1495000 	C:\WINDOWS\System32\shlwapi.dll
0x00007ffbbefd0000 - 0x00007ffbbefef000 	C:\WINDOWS\SYSTEM32\profapi.dll
0x00007ffbafb10000 - 0x00007ffbafb29000 	C:\Program Files\Java\jdk-11.0.12\bin\net.dll
0x00007ffbb47d0000 - 0x00007ffbb48dc000 	C:\WINDOWS\SYSTEM32\WINHTTP.dll
0x00007ffbbe840000 - 0x00007ffbbe8aa000 	C:\WINDOWS\system32\mswsock.dll
0x00007ffbafaf0000 - 0x00007ffbafb02000 	C:\Program Files\Java\jdk-11.0.12\bin\nio.dll
0x00007ffbb61b0000 - 0x00007ffbb61b9000 	C:\Program Files\Java\jdk-11.0.12\bin\management.dll
0x00007ffbb0310000 - 0x00007ffbb031b000 	C:\Program Files\Java\jdk-11.0.12\bin\management_ext.dll
0x00007ffb98700000 - 0x00007ffb98717000 	C:\WINDOWS\system32\napinsp.dll
0x00007ffb985f0000 - 0x00007ffb9860b000 	C:\WINDOWS\system32\pnrpnsp.dll
0x00007ffbb9fa0000 - 0x00007ffbb9fb5000 	C:\WINDOWS\system32\wshbth.dll
0x00007ffbb8530000 - 0x00007ffbb854d000 	C:\WINDOWS\system32\NLAapi.dll
0x00007ffbbe4c0000 - 0x00007ffbbe4fb000 	C:\WINDOWS\SYSTEM32\IPHLPAPI.DLL
0x00007ffbbe520000 - 0x00007ffbbe5eb000 	C:\WINDOWS\SYSTEM32\DNSAPI.dll
0x00007ffbbfcf0000 - 0x00007ffbbfcf8000 	C:\WINDOWS\System32\NSI.dll
0x00007ffb985d0000 - 0x00007ffb985e2000 	C:\WINDOWS\System32\winrnr.dll
0x00007ffbb7d20000 - 0x00007ffbb7d2a000 	C:\Windows\System32\rasadhlp.dll
0x00007ffbb4730000 - 0x00007ffbb47af000 	C:\WINDOWS\System32\fwpuclnt.dll
0x00007ffbbf450000 - 0x00007ffbbf477000 	C:\WINDOWS\System32\bcrypt.dll
0x00007ffbbea40000 - 0x00007ffbbea58000 	C:\WINDOWS\SYSTEM32\CRYPTSP.dll
0x00007ffbbe0f0000 - 0x00007ffbbe124000 	C:\WINDOWS\system32\rsaenh.dll
0x00007ffbbef90000 - 0x00007ffbbefbe000 	C:\WINDOWS\SYSTEM32\USERENV.dll
0x00007ffbbea30000 - 0x00007ffbbea3c000 	C:\WINDOWS\SYSTEM32\CRYPTBASE.dll
0x00007ffbb6b80000 - 0x00007ffbb6b97000 	C:\WINDOWS\SYSTEM32\dhcpcsvc6.DLL
0x00007ffbb7570000 - 0x00007ffbb758d000 	C:\WINDOWS\SYSTEM32\dhcpcsvc.DLL
0x00007ffbb0020000 - 0x00007ffbb002d000 	C:\Program Files\Java\jdk-11.0.12\bin\sunmscapi.dll
0x00007ffbbf750000 - 0x00007ffbbf8a6000 	C:\WINDOWS\System32\CRYPT32.dll
0x00007ffbbeb50000 - 0x00007ffbbeb77000 	C:\WINDOWS\SYSTEM32\ncrypt.dll
0x00007ffbbeb10000 - 0x00007ffbbeb4b000 	C:\WINDOWS\SYSTEM32\NTASN1.dll
0x00007ffbaff30000 - 0x00007ffbaff55000 	C:\Program Files\Java\jdk-11.0.12\bin\sunec.dll

dbghelp: loaded successfully - version: 4.0.5 - missing functions: none
symbol engine: initialized successfully - sym options: 0x614 - pdb path: .;C:\Program Files\Java\jdk-11.0.12\bin;C:\WINDOWS\SYSTEM32;C:\Program Files\Avast Software\Avast;C:\WINDOWS\WinSxS\amd64_microsoft.windows.common-controls_6595b64144ccf1df_6.0.19041.1110_none_60b5254171f9507e;C:\Program Files\Java\jdk-11.0.12\bin\server

VM Arguments:
jvm_args: -Xverify:none -XX:TieredStopAtLevel=1 -Xverify:none -XX:TieredStopAtLevel=1 
java_command: cl.apolonia.ApoloniaApplication
java_class_path (initial): E:\Apolonia\ApoloniaWeb\target\classes;C:\Users\monse\.m2\repository\ch\qos\logback\logback-classic\1.2.6\logback-classic-1.2.6.jar;C:\Users\monse\.m2\repository\ch\qos\logback\logback-core\1.2.6\logback-core-1.2.6.jar;C:\Users\monse\.m2\repository\org\apache\logging\log4j\log4j-to-slf4j\2.14.1\log4j-to-slf4j-2.14.1.jar;C:\Users\monse\.m2\repository\org\apache\logging\log4j\log4j-api\2.14.1\log4j-api-2.14.1.jar;C:\Users\monse\.m2\repository\org\slf4j\jul-to-slf4j\1.7.32\jul-to-slf4j-1.7.32.jar;C:\Users\monse\.m2\repository\jakarta\annotation\jakarta.annotation-api\1.3.5\jakarta.annotation-api-1.3.5.jar;C:\Users\monse\.m2\repository\org\yaml\snakeyaml\1.28\snakeyaml-1.28.jar;C:\Users\monse\.m2\repository\org\thymeleaf\thymeleaf-spring5\3.0.12.RELEASE\thymeleaf-spring5-3.0.12.RELEASE.jar;C:\Users\monse\.m2\repository\org\thymeleaf\thymeleaf\3.0.12.RELEASE\thymeleaf-3.0.12.RELEASE.jar;C:\Users\monse\.m2\repository\org\attoparser\attoparser\2.0.5.RELEASE\attoparser-2.0.5.RELEASE.jar;C:\Users\monse\.m2\repository\org\unbescape\unbescape\1.1.6.RELEASE\unbescape-1.1.6.RELEASE.jar;C:\Users\monse\.m2\repository\org\thymeleaf\extras\thymeleaf-extras-java8time\3.0.4.RELEASE\thymeleaf-extras-java8time-3.0.4.RELEASE.jar;C:\Users\monse\.m2\repository\com\fasterxml\jackson\datatype\jackson-datatype-jdk8\2.12.5\jackson-datatype-jdk8-2.12.5.jar;C:\Users\monse\.m2\repository\com\fasterxml\jackson\datatype\jackson-datatype-jsr310\2.12.5\jackson-datatype-jsr310-2.12.5.jar;C:\Users\monse\.m2\repository\com\fasterxml\jackson\module\jackson-module-parameter-names\2.12.5\jackson-module-parameter-names-2.12.5.jar;C:\Users\monse\.m2\repository\org\apache\tomcat\embed\tomcat-embed-core\9.0.54\tomcat-embed-core-9.0.54.jar;C:\Users\monse\.m2\repository\org\apache\tomcat\embed\tomcat-embed-el\9.0.54\tomcat-embed-el-9.0.54.jar;C:\Users\monse\.m2\repository\org\apache\tomcat\embed\tomcat-embed-websocket\9.0.54\tomcat-embed-websocket-9.0.54.jar;C:\Users\monse\.m2\reposi
Launcher Type: SUN_STANDARD

[Global flags]
     bool BytecodeVerificationLocal                = false                                     {product} {command line}
     bool BytecodeVerificationRemote               = false                                     {product} {command line}
     intx CICompilerCount                          = 4                                         {product} {ergonomic}
     uint ConcGCThreads                            = 3                                         {product} {ergonomic}
     uint G1ConcRefinementThreads                  = 10                                        {product} {ergonomic}
   size_t G1HeapRegionSize                         = 1048576                                   {product} {ergonomic}
    uintx GCDrainStackTargetSize                   = 64                                        {product} {ergonomic}
   size_t InitialHeapSize                          = 266338304                                 {product} {ergonomic}
   size_t MarkStackSize                            = 4194304                                   {product} {ergonomic}
   size_t MaxHeapSize                              = 4255121408                                {product} {ergonomic}
   size_t MaxNewSize                               = 2552233984                                {product} {ergonomic}
   size_t MinHeapDeltaBytes                        = 1048576                                   {product} {ergonomic}
    uintx NonNMethodCodeHeapSize                   = 7549744                                {pd product} {ergonomic}
    uintx NonProfiledCodeHeapSize                  = 244108496                              {pd product} {ergonomic}
    uintx ProfiledCodeHeapSize                     = 0                                      {pd product} {ergonomic}
    uintx ReservedCodeCacheSize                    = 251658240                              {pd product} {ergonomic}
     bool SegmentedCodeCache                       = true                                      {product} {ergonomic}
     intx TieredStopAtLevel                        = 1                                         {product} {command line}
     bool UseCompressedClassPointers               = true                                 {lp64_product} {ergonomic}
     bool UseCompressedOops                        = true                                 {lp64_product} {ergonomic}
     bool UseG1GC                                  = true                                      {product} {ergonomic}
     bool UseLargePagesIndividualAllocation        = false                                  {pd product} {ergonomic}

Logging:
Log output configuration:
 #0: stdout all=warning uptime,level,tags
 #1: stderr all=off uptime,level,tags

Environment Variables:
JAVA_HOME=C:\Program Files\Java\jdk-11.0.12
PATH=C:\Program Files\Common Files\Oracle\Java\javapath;C:\Program Files (x86)\Common Files\Oracle\Java\javapath;C:\WINDOWS\system32;C:\WINDOWS;C:\WINDOWS\System32\Wbem;C:\WINDOWS\System32\WindowsPowerShell\v1.0\;C:\WINDOWS\System32\OpenSSH\;C:\Program Files\Microsoft SQL Server\Client SDK\ODBC\130\Tools\Binn\;C:\Program Files (x86)\Microsoft SQL Server\140\Tools\Binn\;C:\Program Files\Microsoft SQL Server\140\Tools\Binn\;C:\Program Files\Microsoft SQL Server\140\DTS\Binn\;C:\Program Files (x86)\Microsoft SQL Server\140\DTS\Binn\;C:\Program Files\Microsoft SQL Server\130\Tools\Binn\;C:\Program Files (x86)\Microsoft SQL Server\150\DTS\Binn\;C:\Program Files (x86)\Microsoft SQL Server\110\DTS\Binn\;C:\Program Files (x86)\Microsoft SQL Server\120\DTS\Binn\;C:\Program Files (x86)\Microsoft SQL Server\130\DTS\Binn\;C:\Program Files\NVIDIA Corporation\NVIDIA NvDLISR;C:\Program Files (x86)\NVIDIA Corporation\PhysX\Common;C:\WINDOWS\system32;C:\WINDOWS;C:\WINDOWS\System32\Wbem;C:\WINDOWS\System32\WindowsPowerShell\v1.0\;C:\WINDOWS\System32\OpenSSH\;C:\Program Files\Microsoft SQL Server\Client SDK\ODBC\170\Tools\Binn\;C:\Program Files (x86)\Google\Cloud SDK\google-cloud-sdk\bin;C:\Users\monse\AppData\Local\Microsoft\WindowsApps;C:\Users\monse\AppData\Local\Google\Cloud SDK\google-cloud-sdk\bin;C:\Users\monse\AppData\Local\GitHubDesktop\bin
USERNAME=monse
OS=Windows_NT
PROCESSOR_IDENTIFIER=Intel64 Family 6 Model 158 Stepping 10, GenuineIntel



---------------  S Y S T E M  ---------------

OS: Windows 10 , 64 bit Build 19041 (10.0.19041.1348)

CPU:total 12 (initial active 12) (6 cores per cpu, 2 threads per core) family 6 model 158 stepping 10 microcode 0xb4, cmov, cx8, fxsr, mmx, sse, sse2, sse3, ssse3, sse4.1, sse4.2, popcnt, avx, avx2, aes, clmul, erms, 3dnowpref, lzcnt, ht, tsc, tscinvbit, bmi1, bmi2, adx, fma

Memory: 4k page, system-wide physical 16229M (3220M free)
TotalPageFile size 22373M (AvailPageFile size 5195M)
current process WorkingSet (physical memory assigned to process): 270M, peak: 386M
current process commit charge ("private bytes"): 332M, peak: 532M

vm_info: Java HotSpot(TM) 64-Bit Server VM (11.0.12+8-LTS-237) for windows-amd64 JRE (11.0.12+8-LTS-237), built on Jun  8 2021 11:25:59 by "mach5one" with MS VC++ 15.9 (VS2017)

END.
